<?xml version="1.0" encoding="UTF-8"?>
<!-- Generated by org.testng.reporters.JUnitReportReporter -->
<testsuite hostname="DELL" failures="0" tests="1" name="com.Amazon.TestClass.TC04_VerifyAddtocartProduct" time="20.222" errors="0" timestamp="2022-11-17T15:49:05 IST" skipped="0">
  <testcase classname="com.Amazon.TestClass.TC04_VerifyAddtocartProduct" name="verifyAddtocart" time="20.222"/>
  <system-out/>
</testsuite> <!-- com.Amazon.TestClass.TC04_VerifyAddtocartProduct -->
