<?xml version="1.0" encoding="UTF-8"?>
<!-- Generated by org.testng.reporters.JUnitReportReporter -->
<testsuite hostname="DELL" failures="0" tests="1" name="com.flipcart.TestClass.TC02_verifyLogoutFunctionality" time="42.007" errors="0" timestamp="2022-10-01T19:10:33 IST" skipped="0">
  <testcase classname="com.flipcart.TestClass.TC02_verifyLogoutFunctionality" name="VerifyLogotFunctionality" time="42.007"/>
  <system-out/>
</testsuite> <!-- com.flipcart.TestClass.TC02_verifyLogoutFunctionality -->
