<?xml version="1.0" encoding="UTF-8"?>
<!-- Generated by org.testng.reporters.JUnitReportReporter -->
<testsuite hostname="DELL" failures="0" tests="1" name="com.flipcart.TestClass.TC01Verifyloginfunctionality" time="38.142" errors="0" timestamp="2022-10-01T18:21:28 IST" skipped="0">
  <testcase classname="com.flipcart.TestClass.TC01Verifyloginfunctionality" name="VerifyLoginFunctionality" time="38.142"/>
  <system-out/>
</testsuite> <!-- com.flipcart.TestClass.TC01Verifyloginfunctionality -->
